#
# A fatal error has been detected by the Java Runtime Environment:
#
#  EXCEPTION_ACCESS_VIOLATION (0xc0000005) at pc=0x00007ff8883ef24d, pid=25000, tid=9576
#
# JRE version: Java(TM) SE Runtime Environment 18.9 (11.0.18+9) (build 11.0.18+9-LTS-195)
# Java VM: Java HotSpot(TM) 64-Bit Server VM 18.9 (11.0.18+9-LTS-195, mixed mode, tiered, compressed oops, g1 gc, windows-amd64)
# Problematic frame:
# C  [ntdll.dll+0x3f24d]
#
# No core dump will be written. Minidumps are not enabled by default on client versions of Windows
#
# If you would like to submit a bug report, please visit:
#   https://bugreport.java.com/bugreport/crash.jsp
#

---------------  S U M M A R Y ------------

Command Line: runwar.Start --processname cfm_basico (inicial) [lucee 5.3.10+120] --log-dir C:/Users/Lenovo/.CommandBox/server/EE2B655A56BBFAECA53107757385E9BE-cfm_basico (inicial)/lucee-5.3.10.120/logs --server-name cfm_basico (inicial) --tray-enable true --dock-enable true --directoryindex true --timeout 240 --proxy-peeraddress false --cookie-secure false --cookie-httponly false --pid-file C:/Users/Lenovo/.CommandBox/server/EE2B655A56BBFAECA53107757385E9BE-cfm_basico (inicial)/lucee-5.3.10.120/.pid.txt --tray-icon C:\Users\Lenovo\.CommandBox\cfml\system\config\server-icons\trayicon-lucee-32px.png --tray-config C:/Users/Lenovo/.CommandBox/server/EE2B655A56BBFAECA53107757385E9BE-cfm_basico (inicial)/lucee-5.3.10.120/.trayOptions.json --gzip-enable true --cfengine-name lucee -war C:\Projetos\cfm_basico (inicial)\ --web-xml-path C:\Users\Lenovo\.CommandBox/server/EE2B655A56BBFAECA53107757385E9BE-cfm_basico (inicial)/lucee-5.3.10.120/WEB-INF/web.xml --http-enable true --ssl-enable false --ajp-enable false --http2-enable true --open-browser true --open-url http://127.0.0.1:59596 --urlrewrite-enable false --client-cert-trust-headers false --predicate-file C:/Users/Lenovo/.CommandBox/server/EE2B655A56BBFAECA53107757385E9BE-cfm_basico (inicial)/lucee-5.3.10.120/.predicateFile.txt --host 127.0.0.1 --background false --port 59596 --stop-port 62520

Host: AMD Ryzen 7 PRO 4750U with Radeon Graphics, 16 cores, 31G,  Windows 11 , 64 bit Build 22621 (10.0.22621.1778)
Time: Fri Jul 14 19:28:25 2023 Hora oficial do Brasil elapsed time: 16532.581349 seconds (0d 4h 35m 32s)

---------------  T H R E A D  ---------------

Current thread (0x0000026fb0cf7800):  JavaThread "WindowsEventDispatch" [_thread_in_vm, id=9576, stack(0x0000007dca200000,0x0000007dca300000)]

Stack: [0x0000007dca200000,0x0000007dca300000],  sp=0x0000007dca2f9d60,  free space=999k
Native frames: (J=compiled Java code, j=interpreted, Vv=VM code, C=native code)
C  [ntdll.dll+0x3f24d]
C  [ntdll.dll+0x3cd49]
C  [ntdll.dll+0x631d4]
C  [ntdll.dll+0x630e8]
C  [ntdll.dll+0x3d651]
C  [ntdll.dll+0x3c7aa]
C  [ucrtbase.dll+0x11b06]
V  [jvm.dll+0x650b80]
V  [jvm.dll+0xb1218]
V  [jvm.dll+0x34ce2f]
V  [jvm.dll+0x2bf074]
V  [jvm.dll+0x734cff]
V  [jvm.dll+0x73741e]
V  [jvm.dll+0x738c53]
V  [jvm.dll+0x739ffc]
V  [jvm.dll+0x73a173]
V  [jvm.dll+0x2519a9]
V  [jvm.dll+0x251c32]
V  [jvm.dll+0x54bd63]
V  [jvm.dll+0x54e0a4]
V  [jvm.dll+0x384764]
V  [jvm.dll+0x3841ba]
C  0x0000026f8763c294

Java frames: (J=compiled Java code, j=interpreted, Vv=VM code)
j  java.time.temporal.JulianFields.<clinit>()V+0 java.base@11.0.18
v  ~StubRoutines::call_stub
j  java.time.format.DateTimeFormatterBuilder.<clinit>()V+434 java.base@11.0.18
v  ~StubRoutines::call_stub
j  java.time.format.DateTimeFormatter.<clinit>()V+0 java.base@11.0.18
v  ~StubRoutines::call_stub
j  org.apache.logging.log4j.message.ParameterFormatter.<clinit>()V+2
v  ~StubRoutines::call_stub
j  org.apache.logging.log4j.message.ParameterizedMessage.init(Ljava/lang/String;)V+36
j  org.apache.logging.log4j.message.ParameterizedMessage.<init>(Ljava/lang/String;[Ljava/lang/Object;)V+11
j  org.apache.logging.log4j.message.ParameterizedMessage.<init>(Ljava/lang/String;Ljava/lang/Object;)V+10
j  org.apache.logging.log4j.message.ParameterizedMessageFactory.newMessage(Ljava/lang/String;Ljava/lang/Object;)Lorg/apache/logging/log4j/message/Message;+6
j  org.apache.logging.log4j.spi.AbstractLogger.logMessage(Ljava/lang/String;Lorg/apache/logging/log4j/Level;Lorg/apache/logging/log4j/Marker;Ljava/lang/String;Ljava/lang/Object;)V+8
j  org.apache.logging.log4j.spi.AbstractLogger.logIfEnabled(Ljava/lang/String;Lorg/apache/logging/log4j/Level;Lorg/apache/logging/log4j/Marker;Ljava/lang/String;Ljava/lang/Object;)V+21
j  org.apache.logging.slf4j.Log4jLogger.error(Ljava/lang/String;Ljava/lang/Object;)V+13
j  dorkbox.systemTray.ui.swing._WindowsNativeTray.show()V+79
j  dorkbox.systemTray.ui.swing._WindowsNativeTray.access$800(Ldorkbox/systemTray/ui/swing/_WindowsNativeTray;)V+1
j  dorkbox.systemTray.ui.swing._WindowsNativeTray$2.run(Lcom/sun/jna/platform/win32/WinDef$HWND;Lcom/sun/jna/platform/win32/WinDef$WPARAM;Lcom/sun/jna/platform/win32/WinDef$LPARAM;)V+4
j  dorkbox.util.jna.windows.WindowsEventDispatch$1.callback(Lcom/sun/jna/platform/win32/WinDef$HWND;ILcom/sun/jna/platform/win32/WinDef$WPARAM;Lcom/sun/jna/platform/win32/WinDef$LPARAM;)Lcom/sun/jna/platform/win32/WinDef$LRESULT;+104
v  ~StubRoutines::call_stub
j  dorkbox.util.jna.windows.User32_64.GetMessage(Ldorkbox/util/jna/windows/MSG;Lcom/sun/jna/Pointer;II)Z+0
j  dorkbox.util.jna.windows.WindowsEventDispatch.run()V+113
j  java.lang.Thread.run()V+11 java.base@11.0.18
v  ~StubRoutines::call_stub

siginfo: EXCEPTION_ACCESS_VIOLATION (0xc0000005), reading address 0x0000000a000d006f


Register to memory mapping:

RIP=0x00007ff8883ef24d ntdll.dll
RAX=0x0000000a000d006f is an unknown value
RBX=0x0000026ff8920000 points into unknown readable memory: 0x0000000000000000 | 00 00 00 00 00 00 00 00
RCX=0x0000000000000003 is an unknown value
RDX=0x00007ff8884eaf70 ntdll.dll
RSP=0x0000007dca2f9d60 is pointing into the stack for thread: 0x0000026fb0cf7800
RBP=0x0000007dca2fa059 is pointing into the stack for thread: 0x0000026fb0cf7800
RSI=0x0000026fb1c42850 points into unknown readable memory: 0x0000000000000000 | 00 00 00 00 00 00 00 00
RDI=0x0000000000000003 is an unknown value
R8 =0x0000026faf70f800 points into unknown readable memory: 0x0064006100630069 | 69 00 63 00 61 00 64 00
R9 =0x0000026ff8920320 points into unknown readable memory: 0xff7ffe01fffffffc | fc ff ff ff 01 fe 7f ff
R10=0x0000000000000003 is an unknown value
R11=0x0000007dca2f9cf0 is pointing into the stack for thread: 0x0000026fb0cf7800
R12=0x0 is NULL
R13=0x0 is NULL
R14=0x0000026fb1c42c60 points into unknown readable memory: 0x0000026fb1c42c90 | 90 2c c4 b1 6f 02 00 00
R15=0x0000026fb1c42c70 points into unknown readable memory: 0x0000000000000000 | 00 00 00 00 00 00 00 00


Registers:
RAX=0x0000000a000d006f, RBX=0x0000026ff8920000, RCX=0x0000000000000003, RDX=0x00007ff8884eaf70
RSP=0x0000007dca2f9d60, RBP=0x0000007dca2fa059, RSI=0x0000026fb1c42850, RDI=0x0000000000000003
R8 =0x0000026faf70f800, R9 =0x0000026ff8920320, R10=0x0000000000000003, R11=0x0000007dca2f9cf0
R12=0x0000000000000000, R13=0x0000000000000000, R14=0x0000026fb1c42c60, R15=0x0000026fb1c42c70
RIP=0x00007ff8883ef24d, EFLAGS=0x0000000000010293

Top of Stack: (sp=0x0000007dca2f9d60)
0x0000007dca2f9d60:   0000026ff8920000 0000026fb1c42850
0x0000007dca2f9d70:   0000026fb1c42850 0000000000000044
0x0000007dca2f9d80:   0000000000000044 0000000000000044
0x0000007dca2f9d90:   00000001b52db900 0000026fb1c4285a
0x0000007dca2f9da0:   0000007dca2f0800 0000000000000000
0x0000007dca2f9db0:   0000000000000000 0000026f00000000
0x0000007dca2f9dc0:   0000026faf6d0065 0000000000000041
0x0000007dca2f9dd0:   0000004400000000 00007ff800000000
0x0000007dca2f9de0:   0000000000000000 0000007dca2f9eb0
0x0000007dca2f9df0:   0000026fb1c42850 00004fe34136941f
0x0000007dca2f9e00:   0000026faf6d3c70 00007ff885f50000
0x0000007dca2f9e10:   0000026faf6d53a0 0000026fb1c42850
0x0000007dca2f9e20:   0000000000000041 00007ff885f64f31
0x0000007dca2f9e30:   0000bd902b4cb5a3 0000026ff8920328
0x0000007dca2f9e40:   0000026ff8920150 0000000000000000
0x0000007dca2f9e50:   0000000000000020 0000026fb1bd0000 

Instructions: (pc=0x00007ff8883ef24d)
0x00007ff8883ef22d:   00 00 41 0f b7 40 f8 66 89 44 24 60 0f b7 c0 48
0x00007ff8883ef23d:   3b f8 0f 87 3f 11 00 00 4d 8d 7e 10 49 8b 40 08
0x00007ff8883ef24d:   48 8b 08 49 3b c8 0f 85 dd 01 00 00 4d 89 07 49
0x00007ff8883ef25d:   89 47 08 4c 89 38 4d 89 78 08 41 0f b7 46 08 48 


Stack slot to memory mapping:
stack at sp + 0 slots: 0x0000026ff8920000 points into unknown readable memory: 0x0000000000000000 | 00 00 00 00 00 00 00 00
stack at sp + 1 slots: 0x0000026fb1c42850 points into unknown readable memory: 0x0000000000000000 | 00 00 00 00 00 00 00 00
stack at sp + 2 slots: 0x0000026fb1c42850 points into unknown readable memory: 0x0000000000000000 | 00 00 00 00 00 00 00 00
stack at sp + 3 slots: 0x0000000000000044 is an unknown value
stack at sp + 4 slots: 0x0000000000000044 is an unknown value
stack at sp + 5 slots: 0x0000000000000044 is an unknown value
stack at sp + 6 slots: 0x00000001b52db900 is an unknown value
stack at sp + 7 slots: 0x0000026fb1c4285a points into unknown readable memory: 09 00 59 2f 08 10


---------------  P R O C E S S  ---------------

Threads class SMR info:
_java_thread_list=0x0000026faf2119b0, length=37, elements={
0x0000026fada7b800, 0x0000026fada9e800, 0x0000026fadb0d800, 0x0000026fadb0f000,
0x0000026fadab7800, 0x0000026fadab8800, 0x0000026fadaba800, 0x0000026fadabe000,
0x0000026fadcfb800, 0x0000026fadd0b800, 0x0000026faefd4000, 0x0000026faf082000,
0x0000026faf106000, 0x0000026faf105000, 0x0000026faf103800, 0x0000026faf106800,
0x0000026faf107800, 0x0000026faf108000, 0x0000026faf109000, 0x0000026faf104000,
0x0000026faf10a000, 0x0000026faf45a800, 0x0000026faf462000, 0x0000026faf463000,
0x0000026fb0cf4000, 0x0000026fb0cf5800, 0x0000026fb0cf1800, 0x0000026fb0cf1000,
0x0000026fb0cf2800, 0x0000026fb0cf0000, 0x0000026fb0cf9000, 0x0000026fb0cf7800,
0x0000026fb0cfa800, 0x0000026fb0cfc000, 0x0000026fb0cf3800, 0x0000026fb0cef000,
0x0000026fb0cf6800
}

Java Threads: ( => current thread )
  0x0000026fada7b800 JavaThread "Reference Handler" daemon [_thread_blocked, id=18932, stack(0x0000007dc4a00000,0x0000007dc4b00000)]
  0x0000026fada9e800 JavaThread "Finalizer" daemon [_thread_blocked, id=27584, stack(0x0000007dc4b00000,0x0000007dc4c00000)]
  0x0000026fadb0d800 JavaThread "Signal Dispatcher" daemon [_thread_blocked, id=21144, stack(0x0000007dc4c00000,0x0000007dc4d00000)]
  0x0000026fadb0f000 JavaThread "Attach Listener" daemon [_thread_blocked, id=17288, stack(0x0000007dc4d00000,0x0000007dc4e00000)]
  0x0000026fadab7800 JavaThread "Service Thread" daemon [_thread_blocked, id=23676, stack(0x0000007dc4e00000,0x0000007dc4f00000)]
  0x0000026fadab8800 JavaThread "C2 CompilerThread0" daemon [_thread_blocked, id=27520, stack(0x0000007dc4f00000,0x0000007dc5000000)]
  0x0000026fadaba800 JavaThread "C1 CompilerThread0" daemon [_thread_blocked, id=20100, stack(0x0000007dc5000000,0x0000007dc5100000)]
  0x0000026fadabe000 JavaThread "Sweeper thread" daemon [_thread_blocked, id=16560, stack(0x0000007dc5100000,0x0000007dc5200000)]
  0x0000026fadcfb800 JavaThread "Common-Cleaner" daemon [_thread_blocked, id=5800, stack(0x0000007dc5400000,0x0000007dc5500000)]
  0x0000026fadd0b800 JavaThread "XNIO-1 I/O-1" [_thread_in_native, id=16456, stack(0x0000007dc5500000,0x0000007dc5600000)]
  0x0000026faefd4000 JavaThread "XNIO-1 I/O-2" [_thread_in_native, id=14672, stack(0x0000007dc5600000,0x0000007dc5700000)]
  0x0000026faf082000 JavaThread "XNIO-1 I/O-3" [_thread_in_native, id=27308, stack(0x0000007dc6400000,0x0000007dc6500000)]
  0x0000026faf106000 JavaThread "XNIO-1 I/O-4" [_thread_in_native, id=22056, stack(0x0000007dc6500000,0x0000007dc6600000)]
  0x0000026faf105000 JavaThread "XNIO-1 I/O-5" [_thread_in_native, id=21096, stack(0x0000007dc6600000,0x0000007dc6700000)]
  0x0000026faf103800 JavaThread "XNIO-1 I/O-6" [_thread_in_native, id=7492, stack(0x0000007dc6700000,0x0000007dc6800000)]
  0x0000026faf106800 JavaThread "XNIO-1 I/O-7" [_thread_in_native, id=25412, stack(0x0000007dc6800000,0x0000007dc6900000)]
  0x0000026faf107800 JavaThread "XNIO-1 I/O-8" [_thread_in_native, id=21004, stack(0x0000007dc6900000,0x0000007dc6a00000)]
  0x0000026faf108000 JavaThread "XNIO-1 Accept" [_thread_in_native, id=12584, stack(0x0000007dc6a00000,0x0000007dc6b00000)]
  0x0000026faf109000 JavaThread "XNIO-2 I/O-1" [_thread_in_native, id=22312, stack(0x0000007dc6b00000,0x0000007dc6c00000)]
  0x0000026faf104000 JavaThread "XNIO-2 I/O-2" [_thread_in_native, id=20516, stack(0x0000007dc6c00000,0x0000007dc6d00000)]
  0x0000026faf10a000 JavaThread "XNIO-2 Accept" [_thread_in_native, id=16108, stack(0x0000007dc6d00000,0x0000007dc6e00000)]
  0x0000026faf45a800 JavaThread "FelixDispatchQueue" [_thread_blocked, id=12268, stack(0x0000007dc7200000,0x0000007dc7300000)]
  0x0000026faf462000 JavaThread "FelixFrameworkWiring" daemon [_thread_blocked, id=8480, stack(0x0000007dc7800000,0x0000007dc7900000)]
  0x0000026faf463000 JavaThread "FelixStartLevel" daemon [_thread_blocked, id=16220, stack(0x0000007dc7900000,0x0000007dc7a00000)]
  0x0000026fb0cf4000 JavaThread "Thread-3" daemon [_thread_blocked, id=13252, stack(0x0000007dc8d00000,0x0000007dc8e00000)]
  0x0000026fb0cf5800 JavaThread "StopMonitor" daemon [_thread_in_native, id=23184, stack(0x0000007dc8e00000,0x0000007dc8f00000)]
  0x0000026fb0cf1800 JavaThread "ForceHighResTimer" daemon [_thread_blocked, id=16716, stack(0x0000007dc8f00000,0x0000007dc9000000)]
  0x0000026fb0cf1000 JavaThread "Java2D Disposer" daemon [_thread_blocked, id=20220, stack(0x0000007dc9000000,0x0000007dc9100000)]
  0x0000026fb0cf2800 JavaThread "AWT-Shutdown" [_thread_blocked, id=25332, stack(0x0000007dc9100000,0x0000007dc9200000)]
  0x0000026fb0cf0000 JavaThread "AWT-Windows" daemon [_thread_in_native, id=21640, stack(0x0000007dc9200000,0x0000007dc9300000)]
  0x0000026fb0cf9000 JavaThread "AWT-EventQueue-0" [_thread_blocked, id=20636, stack(0x0000007dca100000,0x0000007dca200000)]
=>0x0000026fb0cf7800 JavaThread "WindowsEventDispatch" [_thread_in_vm, id=9576, stack(0x0000007dca200000,0x0000007dca300000)]
  0x0000026fb0cfa800 JavaThread "D3D Screen Updater" daemon [_thread_blocked, id=19692, stack(0x0000007dca900000,0x0000007dcaa00000)]
  0x0000026fb0cfc000 JavaThread "DestroyJavaVM" [_thread_blocked, id=26860, stack(0x0000007dc4300000,0x0000007dc4400000)]
  0x0000026fb0cf3800 JavaThread "XNIO-1 task-1" [_thread_blocked, id=26864, stack(0x0000007dca300000,0x0000007dca400000)]
  0x0000026fb0cef000 JavaThread "XNIO-1 task-2" [_thread_blocked, id=3352, stack(0x0000007dca500000,0x0000007dca600000)]
  0x0000026fb0cf6800 JavaThread "Image Fetcher 0" daemon [_thread_blocked, id=26452, stack(0x0000007dc5200000,0x0000007dc5300000)]

Other Threads:
  0x0000026fada7a800 VMThread "VM Thread" [stack: 0x0000007dc4900000,0x0000007dc4a00000] [id=22384]
  0x0000026fadcf2800 WatcherThread [stack: 0x0000007dc5300000,0x0000007dc5400000] [id=23052]
  0x0000026ffab64800 GCTaskThread "GC Thread#0" [stack: 0x0000007dc4400000,0x0000007dc4500000] [id=27272]
  0x0000026fae4c5000 GCTaskThread "GC Thread#1" [stack: 0x0000007dc5900000,0x0000007dc5a00000] [id=2204]
  0x0000026fae4db000 GCTaskThread "GC Thread#2" [stack: 0x0000007dc5a00000,0x0000007dc5b00000] [id=25544]
  0x0000026fae4dc000 GCTaskThread "GC Thread#3" [stack: 0x0000007dc5b00000,0x0000007dc5c00000] [id=12436]
  0x0000026fae4dc800 GCTaskThread "GC Thread#4" [stack: 0x0000007dc5c00000,0x0000007dc5d00000] [id=24540]
  0x0000026fae4dd000 GCTaskThread "GC Thread#5" [stack: 0x0000007dc5d00000,0x0000007dc5e00000] [id=8472]
  0x0000026fae3b4800 GCTaskThread "GC Thread#6" [stack: 0x0000007dc5e00000,0x0000007dc5f00000] [id=27204]
  0x0000026fae3b5000 GCTaskThread "GC Thread#7" [stack: 0x0000007dc5f00000,0x0000007dc6000000] [id=20580]
  0x0000026fae3b6800 GCTaskThread "GC Thread#8" [stack: 0x0000007dc6000000,0x0000007dc6100000] [id=14660]
  0x0000026fae3b6000 GCTaskThread "GC Thread#9" [stack: 0x0000007dc6100000,0x0000007dc6200000] [id=20052]
  0x0000026fae3b7800 GCTaskThread "GC Thread#10" [stack: 0x0000007dc6200000,0x0000007dc6300000] [id=9600]
  0x0000026faeffe000 GCTaskThread "GC Thread#11" [stack: 0x0000007dc6300000,0x0000007dc6400000] [id=24468]
  0x0000026faf001000 GCTaskThread "GC Thread#12" [stack: 0x0000007dc6f00000,0x0000007dc7000000] [id=17472]
  0x0000026ffabe3000 ConcurrentGCThread "G1 Main Marker" [stack: 0x0000007dc4500000,0x0000007dc4600000] [id=17040]
  0x0000026ffabe5000 ConcurrentGCThread "G1 Conc#0" [stack: 0x0000007dc4600000,0x0000007dc4700000] [id=21960]
  0x0000026faf003000 ConcurrentGCThread "G1 Conc#1" [stack: 0x0000007dc7000000,0x0000007dc7100000] [id=18708]
  0x0000026faf005800 ConcurrentGCThread "G1 Conc#2" [stack: 0x0000007dc7100000,0x0000007dc7200000] [id=23044]
  0x0000026fad0df000 ConcurrentGCThread "G1 Refine#0" [stack: 0x0000007dc4700000,0x0000007dc4800000] [id=18012]
  0x0000026fafbed000 ConcurrentGCThread "G1 Refine#1" [stack: 0x0000007dc4000000,0x0000007dc4100000] [id=28492]
  0x0000026fae458000 ConcurrentGCThread "G1 Refine#2" [stack: 0x0000007dc4100000,0x0000007dc4200000] [id=28496]
  0x0000026fad0e2800 ConcurrentGCThread "G1 Young RemSet Sampling" [stack: 0x0000007dc4800000,0x0000007dc4900000] [id=21952]

Threads with active compile tasks:

VM state:not at safepoint (normal execution)

VM Mutex/Monitor currently owned by a thread:  ([mutex/lock_event])
[0x0000026ffab4c310] SystemDictionary_lock - owner thread: 0x0000026fb0cf7800
[0x0000026ffab4af60] Compile_lock - owner thread: 0x0000026fb0cf7800

Heap address: 0x000000060a000000, size: 8032 MB, Compressed Oops mode: Zero based, Oop shift amount: 3
Narrow klass base: 0x0000000800000000, Narrow klass shift: 0
Compressed class space size: 1073741824 Address: 0x0000000800000000

Heap:
 garbage-first heap   total 274432K, used 98616K [0x000000060a000000, 0x0000000800000000)
  region size 2048K, 41 young (83968K), 4 survivors (8192K)
 Metaspace       used 53097K, capacity 54465K, committed 54656K, reserved 1097728K
  class space    used 5671K, capacity 6194K, committed 6272K, reserved 1048576K
Heap Regions: E=young(eden), S=young(survivor), O=old, HS=humongous(starts), HC=humongous(continues), CS=collection set, F=free, A=archive, TAMS=top-at-mark-start (previous, next)
|   0|0x000000060a000000, 0x000000060a200000, 0x000000060a200000|100%|HS|  |TAMS 0x000000060a200000, 0x000000060a000000| Complete 
|   1|0x000000060a200000, 0x000000060a3fff90, 0x000000060a400000| 99%| O|  |TAMS 0x000000060a3fff90, 0x000000060a200000| Untracked 
|   2|0x000000060a400000, 0x000000060a4f3bc0, 0x000000060a600000| 47%| O|  |TAMS 0x000000060a4f3bc0, 0x000000060a400000| Untracked 
|   3|0x000000060a600000, 0x000000060a7fffd0, 0x000000060a800000| 99%| O|  |TAMS 0x000000060a7fffd0, 0x000000060a600000| Untracked 
|   4|0x000000060a800000, 0x000000060a996e00, 0x000000060aa00000| 79%| O|  |TAMS 0x000000060a996e00, 0x000000060a800000| Untracked 
|   5|0x000000060aa00000, 0x000000060ac00000, 0x000000060ac00000|100%| O|  |TAMS 0x000000060ac00000, 0x000000060aa00000| Untracked 
|   6|0x000000060ac00000, 0x000000060ae00000, 0x000000060ae00000|100%| O|  |TAMS 0x000000060ae00000, 0x000000060ac00000| Untracked 
|   7|0x000000060ae00000, 0x000000060b000000, 0x000000060b000000|100%| O|  |TAMS 0x000000060b000000, 0x000000060ae00000| Untracked 
|   8|0x000000060b000000, 0x000000060b200000, 0x000000060b200000|100%| O|  |TAMS 0x000000060b200000, 0x000000060b000000| Untracked 
|   9|0x000000060b200000, 0x000000060b200000, 0x000000060b400000|  0%| F|  |TAMS 0x000000060b200000, 0x000000060b200000| Untracked 
|  10|0x000000060b400000, 0x000000060b400000, 0x000000060b600000|  0%| F|  |TAMS 0x000000060b400000, 0x000000060b400000| Untracked 
|  11|0x000000060b600000, 0x000000060b600000, 0x000000060b800000|  0%| F|  |TAMS 0x000000060b600000, 0x000000060b600000| Untracked 
|  12|0x000000060b800000, 0x000000060b800000, 0x000000060ba00000|  0%| F|  |TAMS 0x000000060b800000, 0x000000060b800000| Untracked 
|  13|0x000000060ba00000, 0x000000060ba00000, 0x000000060bc00000|  0%| F|  |TAMS 0x000000060ba00000, 0x000000060ba00000| Untracked 
|  14|0x000000060bc00000, 0x000000060bc00000, 0x000000060be00000|  0%| F|  |TAMS 0x000000060bc00000, 0x000000060bc00000| Untracked 
|  15|0x000000060be00000, 0x000000060be00000, 0x000000060c000000|  0%| F|  |TAMS 0x000000060be00000, 0x000000060be00000| Untracked 
|  16|0x000000060c000000, 0x000000060c000000, 0x000000060c200000|  0%| F|  |TAMS 0x000000060c000000, 0x000000060c000000| Untracked 
|  17|0x000000060c200000, 0x000000060c200000, 0x000000060c400000|  0%| F|  |TAMS 0x000000060c200000, 0x000000060c200000| Untracked 
|  18|0x000000060c400000, 0x000000060c400000, 0x000000060c600000|  0%| F|  |TAMS 0x000000060c400000, 0x000000060c400000| Untracked 
|  19|0x000000060c600000, 0x000000060c600000, 0x000000060c800000|  0%| F|  |TAMS 0x000000060c600000, 0x000000060c600000| Untracked 
|  20|0x000000060c800000, 0x000000060c800000, 0x000000060ca00000|  0%| F|  |TAMS 0x000000060c800000, 0x000000060c800000| Untracked 
|  21|0x000000060ca00000, 0x000000060ca00000, 0x000000060cc00000|  0%| F|  |TAMS 0x000000060ca00000, 0x000000060ca00000| Untracked 
|  22|0x000000060cc00000, 0x000000060cc00000, 0x000000060ce00000|  0%| F|  |TAMS 0x000000060cc00000, 0x000000060cc00000| Untracked 
|  23|0x000000060ce00000, 0x000000060ce00000, 0x000000060d000000|  0%| F|  |TAMS 0x000000060ce00000, 0x000000060ce00000| Untracked 
|  24|0x000000060d000000, 0x000000060d000000, 0x000000060d200000|  0%| F|  |TAMS 0x000000060d000000, 0x000000060d000000| Untracked 
|  25|0x000000060d200000, 0x000000060d200000, 0x000000060d400000|  0%| F|  |TAMS 0x000000060d200000, 0x000000060d200000| Untracked 
|  26|0x000000060d400000, 0x000000060d400000, 0x000000060d600000|  0%| F|  |TAMS 0x000000060d400000, 0x000000060d400000| Untracked 
|  27|0x000000060d600000, 0x000000060d600000, 0x000000060d800000|  0%| F|  |TAMS 0x000000060d600000, 0x000000060d600000| Untracked 
|  28|0x000000060d800000, 0x000000060d800000, 0x000000060da00000|  0%| F|  |TAMS 0x000000060d800000, 0x000000060d800000| Untracked 
|  29|0x000000060da00000, 0x000000060da00000, 0x000000060dc00000|  0%| F|  |TAMS 0x000000060da00000, 0x000000060da00000| Untracked 
|  30|0x000000060dc00000, 0x000000060dc00000, 0x000000060de00000|  0%| F|  |TAMS 0x000000060dc00000, 0x000000060dc00000| Untracked 
|  31|0x000000060de00000, 0x000000060de00000, 0x000000060e000000|  0%| F|  |TAMS 0x000000060de00000, 0x000000060de00000| Untracked 
|  32|0x000000060e000000, 0x000000060e000000, 0x000000060e200000|  0%| F|  |TAMS 0x000000060e000000, 0x000000060e000000| Untracked 
|  33|0x000000060e200000, 0x000000060e200000, 0x000000060e400000|  0%| F|  |TAMS 0x000000060e200000, 0x000000060e200000| Untracked 
|  34|0x000000060e400000, 0x000000060e400000, 0x000000060e600000|  0%| F|  |TAMS 0x000000060e400000, 0x000000060e400000| Untracked 
|  35|0x000000060e600000, 0x000000060e600000, 0x000000060e800000|  0%| F|  |TAMS 0x000000060e600000, 0x000000060e600000| Untracked 
|  36|0x000000060e800000, 0x000000060e800000, 0x000000060ea00000|  0%| F|  |TAMS 0x000000060e800000, 0x000000060e800000| Untracked 
|  37|0x000000060ea00000, 0x000000060ea00000, 0x000000060ec00000|  0%| F|  |TAMS 0x000000060ea00000, 0x000000060ea00000| Untracked 
|  38|0x000000060ec00000, 0x000000060ec00000, 0x000000060ee00000|  0%| F|  |TAMS 0x000000060ec00000, 0x000000060ec00000| Untracked 
|  39|0x000000060ee00000, 0x000000060ee00000, 0x000000060f000000|  0%| F|  |TAMS 0x000000060ee00000, 0x000000060ee00000| Untracked 
|  40|0x000000060f000000, 0x000000060f000000, 0x000000060f200000|  0%| F|  |TAMS 0x000000060f000000, 0x000000060f000000| Untracked 
|  41|0x000000060f200000, 0x000000060f200000, 0x000000060f400000|  0%| F|  |TAMS 0x000000060f200000, 0x000000060f200000| Untracked 
|  42|0x000000060f400000, 0x000000060f400000, 0x000000060f600000|  0%| F|  |TAMS 0x000000060f400000, 0x000000060f400000| Untracked 
|  43|0x000000060f600000, 0x000000060f600000, 0x000000060f800000|  0%| F|  |TAMS 0x000000060f600000, 0x000000060f600000| Untracked 
|  44|0x000000060f800000, 0x000000060f800000, 0x000000060fa00000|  0%| F|  |TAMS 0x000000060f800000, 0x000000060f800000| Untracked 
|  45|0x000000060fa00000, 0x000000060fa00000, 0x000000060fc00000|  0%| F|  |TAMS 0x000000060fa00000, 0x000000060fa00000| Untracked 
|  46|0x000000060fc00000, 0x000000060fc00000, 0x000000060fe00000|  0%| F|  |TAMS 0x000000060fc00000, 0x000000060fc00000| Untracked 
|  47|0x000000060fe00000, 0x000000060fe00000, 0x0000000610000000|  0%| F|  |TAMS 0x000000060fe00000, 0x000000060fe00000| Untracked 
|  48|0x0000000610000000, 0x0000000610000000, 0x0000000610200000|  0%| F|  |TAMS 0x0000000610000000, 0x0000000610000000| Untracked 
|  49|0x0000000610200000, 0x0000000610200000, 0x0000000610400000|  0%| F|  |TAMS 0x0000000610200000, 0x0000000610200000| Untracked 
|  50|0x0000000610400000, 0x00000006105c3a80, 0x0000000610600000| 88%| S|CS|TAMS 0x0000000610400000, 0x0000000610400000| Complete 
|  51|0x0000000610600000, 0x0000000610800000, 0x0000000610800000|100%| S|CS|TAMS 0x0000000610600000, 0x0000000610600000| Complete 
|  52|0x0000000610800000, 0x0000000610a00000, 0x0000000610a00000|100%| S|CS|TAMS 0x0000000610800000, 0x0000000610800000| Complete 
|  53|0x0000000610a00000, 0x0000000610c00000, 0x0000000610c00000|100%| S|CS|TAMS 0x0000000610a00000, 0x0000000610a00000| Complete 
|  54|0x0000000610c00000, 0x0000000610c00000, 0x0000000610e00000|  0%| F|  |TAMS 0x0000000610c00000, 0x0000000610c00000| Untracked 
|  55|0x0000000610e00000, 0x0000000610e00000, 0x0000000611000000|  0%| F|  |TAMS 0x0000000610e00000, 0x0000000610e00000| Untracked 
|  56|0x0000000611000000, 0x0000000611000000, 0x0000000611200000|  0%| F|  |TAMS 0x0000000611000000, 0x0000000611000000| Untracked 
|  57|0x0000000611200000, 0x0000000611200000, 0x0000000611400000|  0%| F|  |TAMS 0x0000000611200000, 0x0000000611200000| Untracked 
|  58|0x0000000611400000, 0x0000000611400000, 0x0000000611600000|  0%| F|  |TAMS 0x0000000611400000, 0x0000000611400000| Untracked 
|  59|0x0000000611600000, 0x0000000611600000, 0x0000000611800000|  0%| F|  |TAMS 0x0000000611600000, 0x0000000611600000| Untracked 
|  60|0x0000000611800000, 0x0000000611800000, 0x0000000611a00000|  0%| F|  |TAMS 0x0000000611800000, 0x0000000611800000| Untracked 
|  61|0x0000000611a00000, 0x0000000611a00000, 0x0000000611c00000|  0%| F|  |TAMS 0x0000000611a00000, 0x0000000611a00000| Untracked 
|  62|0x0000000611c00000, 0x0000000611c00000, 0x0000000611e00000|  0%| F|  |TAMS 0x0000000611c00000, 0x0000000611c00000| Untracked 
|  63|0x0000000611e00000, 0x0000000611e00000, 0x0000000612000000|  0%| F|  |TAMS 0x0000000611e00000, 0x0000000611e00000| Untracked 
|  64|0x0000000612000000, 0x0000000612000000, 0x0000000612200000|  0%| F|  |TAMS 0x0000000612000000, 0x0000000612000000| Untracked 
|  65|0x0000000612200000, 0x0000000612200000, 0x0000000612400000|  0%| F|  |TAMS 0x0000000612200000, 0x0000000612200000| Untracked 
|  66|0x0000000612400000, 0x0000000612400000, 0x0000000612600000|  0%| F|  |TAMS 0x0000000612400000, 0x0000000612400000| Untracked 
|  67|0x0000000612600000, 0x0000000612600000, 0x0000000612800000|  0%| F|  |TAMS 0x0000000612600000, 0x0000000612600000| Untracked 
|  68|0x0000000612800000, 0x0000000612800000, 0x0000000612a00000|  0%| F|  |TAMS 0x0000000612800000, 0x0000000612800000| Untracked 
|  69|0x0000000612a00000, 0x0000000612a00000, 0x0000000612c00000|  0%| F|  |TAMS 0x0000000612a00000, 0x0000000612a00000| Untracked 
|  70|0x0000000612c00000, 0x0000000612c00000, 0x0000000612e00000|  0%| F|  |TAMS 0x0000000612c00000, 0x0000000612c00000| Untracked 
|  71|0x0000000612e00000, 0x0000000612e00000, 0x0000000613000000|  0%| F|  |TAMS 0x0000000612e00000, 0x0000000612e00000| Untracked 
|  72|0x0000000613000000, 0x0000000613000000, 0x0000000613200000|  0%| F|  |TAMS 0x0000000613000000, 0x0000000613000000| Untracked 
|  73|0x0000000613200000, 0x0000000613200000, 0x0000000613400000|  0%| F|  |TAMS 0x0000000613200000, 0x0000000613200000| Untracked 
|  74|0x0000000613400000, 0x0000000613400000, 0x0000000613600000|  0%| F|  |TAMS 0x0000000613400000, 0x0000000613400000| Untracked 
|  75|0x0000000613600000, 0x0000000613600000, 0x0000000613800000|  0%| F|  |TAMS 0x0000000613600000, 0x0000000613600000| Untracked 
|  76|0x0000000613800000, 0x0000000613800000, 0x0000000613a00000|  0%| F|  |TAMS 0x0000000613800000, 0x0000000613800000| Untracked 
|  77|0x0000000613a00000, 0x0000000613a00000, 0x0000000613c00000|  0%| F|  |TAMS 0x0000000613a00000, 0x0000000613a00000| Untracked 
|  78|0x0000000613c00000, 0x0000000613c00000, 0x0000000613e00000|  0%| F|  |TAMS 0x0000000613c00000, 0x0000000613c00000| Untracked 
|  79|0x0000000613e00000, 0x0000000613e00000, 0x0000000614000000|  0%| F|  |TAMS 0x0000000613e00000, 0x0000000613e00000| Untracked 
|  80|0x0000000614000000, 0x0000000614000000, 0x0000000614200000|  0%| F|  |TAMS 0x0000000614000000, 0x0000000614000000| Untracked 
|  81|0x0000000614200000, 0x0000000614200000, 0x0000000614400000|  0%| F|  |TAMS 0x0000000614200000, 0x0000000614200000| Untracked 
|  82|0x0000000614400000, 0x0000000614400000, 0x0000000614600000|  0%| F|  |TAMS 0x0000000614400000, 0x0000000614400000| Untracked 
|  83|0x0000000614600000, 0x0000000614600000, 0x0000000614800000|  0%| F|  |TAMS 0x0000000614600000, 0x0000000614600000| Untracked 
|  84|0x0000000614800000, 0x0000000614800000, 0x0000000614a00000|  0%| F|  |TAMS 0x0000000614800000, 0x0000000614800000| Untracked 
|  85|0x0000000614a00000, 0x0000000614a00000, 0x0000000614c00000|  0%| F|  |TAMS 0x0000000614a00000, 0x0000000614a00000| Untracked 
|  86|0x0000000614c00000, 0x0000000614c00000, 0x0000000614e00000|  0%| F|  |TAMS 0x0000000614c00000, 0x0000000614c00000| Untracked 
|  87|0x0000000614e00000, 0x0000000614e00000, 0x0000000615000000|  0%| F|  |TAMS 0x0000000614e00000, 0x0000000614e00000| Untracked 
|  88|0x0000000615000000, 0x0000000615000000, 0x0000000615200000|  0%| F|  |TAMS 0x0000000615000000, 0x0000000615000000| Untracked 
|  89|0x0000000615200000, 0x0000000615200000, 0x0000000615400000|  0%| F|  |TAMS 0x0000000615200000, 0x0000000615200000| Untracked 
|  90|0x0000000615400000, 0x0000000615400000, 0x0000000615600000|  0%| F|  |TAMS 0x0000000615400000, 0x0000000615400000| Untracked 
|  91|0x0000000615600000, 0x0000000615600000, 0x0000000615800000|  0%| F|  |TAMS 0x0000000615600000, 0x0000000615600000| Untracked 
|  92|0x0000000615800000, 0x0000000615800000, 0x0000000615a00000|  0%| F|  |TAMS 0x0000000615800000, 0x0000000615800000| Untracked 
|  93|0x0000000615a00000, 0x0000000615a00000, 0x0000000615c00000|  0%| F|  |TAMS 0x0000000615a00000, 0x0000000615a00000| Untracked 
|  94|0x0000000615c00000, 0x0000000615c00000, 0x0000000615e00000|  0%| F|  |TAMS 0x0000000615c00000, 0x0000000615c00000| Untracked 
|  95|0x0000000615e00000, 0x0000000615e00000, 0x0000000616000000|  0%| F|  |TAMS 0x0000000615e00000, 0x0000000615e00000| Untracked 
|  96|0x0000000616000000, 0x0000000616000000, 0x0000000616200000|  0%| F|  |TAMS 0x0000000616000000, 0x0000000616000000| Untracked 
|  97|0x0000000616200000, 0x00000006162b9ae8, 0x0000000616400000| 36%| E|  |TAMS 0x0000000616200000, 0x0000000616200000| Complete 
|  98|0x0000000616400000, 0x0000000616600000, 0x0000000616600000|100%| E|CS|TAMS 0x0000000616400000, 0x0000000616400000| Complete 
|  99|0x0000000616600000, 0x0000000616800000, 0x0000000616800000|100%| E|CS|TAMS 0x0000000616600000, 0x0000000616600000| Complete 
| 100|0x0000000616800000, 0x0000000616a00000, 0x0000000616a00000|100%| E|CS|TAMS 0x0000000616800000, 0x0000000616800000| Complete 
| 101|0x0000000616a00000, 0x0000000616c00000, 0x0000000616c00000|100%| E|CS|TAMS 0x0000000616a00000, 0x0000000616a00000| Complete 
| 102|0x0000000616c00000, 0x0000000616e00000, 0x0000000616e00000|100%| E|CS|TAMS 0x0000000616c00000, 0x0000000616c00000| Complete 
| 103|0x0000000616e00000, 0x0000000617000000, 0x0000000617000000|100%| E|CS|TAMS 0x0000000616e00000, 0x0000000616e00000| Complete 
| 104|0x0000000617000000, 0x0000000617200000, 0x0000000617200000|100%| E|CS|TAMS 0x0000000617000000, 0x0000000617000000| Complete 
| 105|0x0000000617200000, 0x0000000617400000, 0x0000000617400000|100%| E|CS|TAMS 0x0000000617200000, 0x0000000617200000| Complete 
| 106|0x0000000617400000, 0x0000000617600000, 0x0000000617600000|100%| E|CS|TAMS 0x0000000617400000, 0x0000000617400000| Complete 
| 107|0x0000000617600000, 0x0000000617800000, 0x0000000617800000|100%| E|CS|TAMS 0x0000000617600000, 0x0000000617600000| Complete 
| 108|0x0000000617800000, 0x0000000617a00000, 0x0000000617a00000|100%| E|CS|TAMS 0x0000000617800000, 0x0000000617800000| Complete 
| 109|0x0000000617a00000, 0x0000000617c00000, 0x0000000617c00000|100%| E|CS|TAMS 0x0000000617a00000, 0x0000000617a00000| Complete 
| 110|0x0000000617c00000, 0x0000000617e00000, 0x0000000617e00000|100%| E|CS|TAMS 0x0000000617c00000, 0x0000000617c00000| Complete 
| 111|0x0000000617e00000, 0x0000000618000000, 0x0000000618000000|100%| E|CS|TAMS 0x0000000617e00000, 0x0000000617e00000| Complete 
| 112|0x0000000618000000, 0x0000000618200000, 0x0000000618200000|100%| E|CS|TAMS 0x0000000618000000, 0x0000000618000000| Complete 
| 113|0x0000000618200000, 0x0000000618400000, 0x0000000618400000|100%| E|CS|TAMS 0x0000000618200000, 0x0000000618200000| Complete 
| 114|0x0000000618400000, 0x0000000618600000, 0x0000000618600000|100%| E|CS|TAMS 0x0000000618400000, 0x0000000618400000| Complete 
| 115|0x0000000618600000, 0x0000000618800000, 0x0000000618800000|100%| E|CS|TAMS 0x0000000618600000, 0x0000000618600000| Complete 
| 116|0x0000000618800000, 0x0000000618a00000, 0x0000000618a00000|100%| E|CS|TAMS 0x0000000618800000, 0x0000000618800000| Complete 
| 117|0x0000000618a00000, 0x0000000618c00000, 0x0000000618c00000|100%| E|CS|TAMS 0x0000000618a00000, 0x0000000618a00000| Complete 
| 118|0x0000000618c00000, 0x0000000618e00000, 0x0000000618e00000|100%| E|CS|TAMS 0x0000000618c00000, 0x0000000618c00000| Complete 
| 119|0x0000000618e00000, 0x0000000619000000, 0x0000000619000000|100%| E|CS|TAMS 0x0000000618e00000, 0x0000000618e00000| Complete 
| 120|0x0000000619000000, 0x0000000619200000, 0x0000000619200000|100%| E|CS|TAMS 0x0000000619000000, 0x0000000619000000| Complete 
| 121|0x0000000619200000, 0x0000000619400000, 0x0000000619400000|100%| E|CS|TAMS 0x0000000619200000, 0x0000000619200000| Complete 
| 122|0x0000000619400000, 0x0000000619600000, 0x0000000619600000|100%| E|CS|TAMS 0x0000000619400000, 0x0000000619400000| Complete 
| 123|0x0000000619600000, 0x0000000619800000, 0x0000000619800000|100%| E|CS|TAMS 0x0000000619600000, 0x0000000619600000| Complete 
| 124|0x0000000619800000, 0x0000000619a00000, 0x0000000619a00000|100%| E|CS|TAMS 0x0000000619800000, 0x0000000619800000| Complete 
| 125|0x0000000619a00000, 0x0000000619c00000, 0x0000000619c00000|100%| E|CS|TAMS 0x0000000619a00000, 0x0000000619a00000| Complete 
| 126|0x0000000619c00000, 0x0000000619e00000, 0x0000000619e00000|100%| E|CS|TAMS 0x0000000619c00000, 0x0000000619c00000| Complete 
| 127|0x0000000619e00000, 0x000000061a000000, 0x000000061a000000|100%| E|CS|TAMS 0x0000000619e00000, 0x0000000619e00000| Complete 
| 128|0x000000061a000000, 0x000000061a200000, 0x000000061a200000|100%| E|CS|TAMS 0x000000061a000000, 0x000000061a000000| Complete 
| 129|0x000000061a200000, 0x000000061a400000, 0x000000061a400000|100%| E|CS|TAMS 0x000000061a200000, 0x000000061a200000| Complete 
| 130|0x000000061a400000, 0x000000061a600000, 0x000000061a600000|100%| E|CS|TAMS 0x000000061a400000, 0x000000061a400000| Complete 
| 131|0x000000061a600000, 0x000000061a800000, 0x000000061a800000|100%| E|CS|TAMS 0x000000061a600000, 0x000000061a600000| Complete 
| 132|0x000000061a800000, 0x000000061aa00000, 0x000000061aa00000|100%| E|CS|TAMS 0x000000061a800000, 0x000000061a800000| Complete 
| 133|0x000000061aa00000, 0x000000061ac00000, 0x000000061ac00000|100%| E|CS|TAMS 0x000000061aa00000, 0x000000061aa00000| Complete 

Card table byte_map: [0x0000026f98590000,0x0000026f99540000] _byte_map_base: 0x0000026f95540000

Marking Bits (Prev, Next): (CMBitMap*) 0x0000026ffabd27c8, (CMBitMap*) 0x0000026ffabd2800
 Prev Bits: [0x0000026f9a4f0000, 0x0000026fa2270000)
 Next Bits: [0x0000026fa2270000, 0x0000026fa9ff0000)

Polling page: 0x0000026f80000000

Metaspace:

Usage:
  Non-class:     47.14 MB capacity,    46.31 MB ( 98%) used,   727.26 KB (  2%) free+waste,   117.75 KB ( <1%) overhead. 
      Class:      6.05 MB capacity,     5.54 MB ( 92%) used,   466.10 KB (  8%) free+waste,    56.12 KB ( <1%) overhead. 
       Both:     53.19 MB capacity,    51.85 MB ( 97%) used,     1.17 MB (  2%) free+waste,   173.88 KB ( <1%) overhead. 

Virtual space:
  Non-class space:       48.00 MB reserved,      47.25 MB ( 98%) committed 
      Class space:        1.00 GB reserved,       6.12 MB ( <1%) committed 
             Both:        1.05 GB reserved,      53.38 MB (  5%) committed 

Chunk freelists:
   Non-Class:  6.12 KB
       Class:  1.75 KB
        Both:  7.88 KB

CodeHeap 'non-profiled nmethods': size=119168Kb used=3034Kb max_used=3034Kb free=116133Kb
 bounds [0x0000026f8f1c0000, 0x0000026f8f4c0000, 0x0000026f96620000]
CodeHeap 'profiled nmethods': size=119168Kb used=14252Kb max_used=14252Kb free=104915Kb
 bounds [0x0000026f87d60000, 0x0000026f88b50000, 0x0000026f8f1c0000]
CodeHeap 'non-nmethods': size=7424Kb used=1405Kb max_used=3114Kb free=6018Kb
 bounds [0x0000026f87620000, 0x0000026f879c0000, 0x0000026f87d60000]
 total_blobs=6819 nmethods=5972 adapters=758
 compilation: enabled
              stopped_count=0, restarted_count=0
 full_count=0

Compilation events (10 events):
Event: 16532.530 Thread 0x0000026fadaba800 nmethod 5973 0x0000026f8f4b4710 code [0x0000026f8f4b48a0, 0x0000026f8f4b4958]
Event: 16532.533 Thread 0x0000026fadab8800 nmethod 5970 0x0000026f8f4b4a10 code [0x0000026f8f4b4c00, 0x0000026f8f4b5698]
Event: 16532.533 Thread 0x0000026fadab8800 5974       4       java.util.HashSet::contains (9 bytes)
Event: 16532.540 Thread 0x0000026fadab8800 nmethod 5974 0x0000026f8f4b5f90 code [0x0000026f8f4b6140, 0x0000026f8f4b6678]
Event: 16532.555 Thread 0x0000026fadaba800 5975       3       java.lang.Class::reflectionData (43 bytes)
Event: 16532.555 Thread 0x0000026fadaba800 nmethod 5975 0x0000026f88b44d10 code [0x0000026f88b44ee0, 0x0000026f88b452d8]
Event: 16532.556 Thread 0x0000026fadaba800 5976       3       java.util.ArrayList::addAll (111 bytes)
Event: 16532.557 Thread 0x0000026fadaba800 nmethod 5976 0x0000026f88b45410 code [0x0000026f88b45640, 0x0000026f88b45fc8]
Event: 16532.557 Thread 0x0000026fadaba800 5977   !   3       com.sun.jna.Native::getLibraryOptions (309 bytes)
Event: 16532.560 Thread 0x0000026fadaba800 nmethod 5977 0x0000026f88b46310 code [0x0000026f88b46940, 0x0000026f88b49cb8]

GC Heap History (10 events):
Event: 2968.544 GC heap before
{Heap before GC invocations=19 (full 2):
 garbage-first heap   total 274432K, used 143510K [0x000000060a000000, 0x0000000800000000)
  region size 2048K, 63 young (129024K), 4 survivors (8192K)
 Metaspace       used 52555K, capacity 53980K, committed 54144K, reserved 1097728K
  class space    used 5631K, capacity 6160K, committed 6272K, reserved 1048576K
}
Event: 2968.551 GC heap after
{Heap after GC invocations=20 (full 2):
 garbage-first heap   total 274432K, used 26201K [0x000000060a000000, 0x0000000800000000)
  region size 2048K, 5 young (10240K), 5 survivors (10240K)
 Metaspace       used 52555K, capacity 53980K, committed 54144K, reserved 1097728K
  class space    used 5631K, capacity 6160K, committed 6272K, reserved 1048576K
}
Event: 6918.938 GC heap before
{Heap before GC invocations=20 (full 2):
 garbage-first heap   total 274432K, used 163417K [0x000000060a000000, 0x0000000800000000)
  region size 2048K, 72 young (147456K), 5 survivors (10240K)
 Metaspace       used 52621K, capacity 53980K, committed 54144K, reserved 1097728K
  class space    used 5633K, capacity 6160K, committed 6272K, reserved 1048576K
}
Event: 6918.950 GC heap after
{Heap after GC invocations=21 (full 2):
 garbage-first heap   total 274432K, used 26287K [0x000000060a000000, 0x0000000800000000)
  region size 2048K, 5 young (10240K), 5 survivors (10240K)
 Metaspace       used 52621K, capacity 53980K, committed 54144K, reserved 1097728K
  class space    used 5633K, capacity 6160K, committed 6272K, reserved 1048576K
}
Event: 10259.255 GC heap before
{Heap before GC invocations=21 (full 2):
 garbage-first heap   total 274432K, used 179887K [0x000000060a000000, 0x0000000800000000)
  region size 2048K, 80 young (163840K), 5 survivors (10240K)
 Metaspace       used 52653K, capacity 54044K, committed 54400K, reserved 1097728K
  class space    used 5634K, capacity 6160K, committed 6272K, reserved 1048576K
}
Event: 10259.261 GC heap after
{Heap after GC invocations=22 (full 2):
 garbage-first heap   total 274432K, used 26514K [0x000000060a000000, 0x0000000800000000)
  region size 2048K, 5 young (10240K), 5 survivors (10240K)
 Metaspace       used 52653K, capacity 54044K, committed 54400K, reserved 1097728K
  class space    used 5634K, capacity 6160K, committed 6272K, reserved 1048576K
}
Event: 12769.497 GC heap before
{Heap before GC invocations=22 (full 2):
 garbage-first heap   total 274432K, used 178066K [0x000000060a000000, 0x0000000800000000)
  region size 2048K, 80 young (163840K), 5 survivors (10240K)
 Metaspace       used 52735K, capacity 54108K, committed 54400K, reserved 1097728K
  class space    used 5638K, capacity 6160K, committed 6272K, reserved 1048576K
}
Event: 12769.502 GC heap after
{Heap after GC invocations=23 (full 2):
 garbage-first heap   total 274432K, used 24976K [0x000000060a000000, 0x0000000800000000)
  region size 2048K, 4 young (8192K), 4 survivors (8192K)
 Metaspace       used 52735K, capacity 54108K, committed 54400K, reserved 1097728K
  class space    used 5638K, capacity 6160K, committed 6272K, reserved 1048576K
}
Event: 15299.742 GC heap before
{Heap before GC invocations=23 (full 2):
 garbage-first heap   total 274432K, used 180624K [0x000000060a000000, 0x0000000800000000)
  region size 2048K, 80 young (163840K), 4 survivors (8192K)
 Metaspace       used 52888K, capacity 54236K, committed 54400K, reserved 1097728K
  class space    used 5647K, capacity 6160K, committed 6272K, reserved 1048576K
}
Event: 15299.745 GC heap after
{Heap after GC invocations=24 (full 2):
 garbage-first heap   total 274432K, used 24888K [0x000000060a000000, 0x0000000800000000)
  region size 2048K, 4 young (8192K), 4 survivors (8192K)
 Metaspace       used 52888K, capacity 54236K, committed 54400K, reserved 1097728K
  class space    used 5647K, capacity 6160K, committed 6272K, reserved 1048576K
}

Deoptimization events (10 events):
Event: 37.570 Thread 0x0000026fb0cef000 Uncommon trap: reason=class_check action=maybe_recompile pc=0x0000026f8f439120 method=java.util.HashMap.removeNode(ILjava/lang/Object;Ljava/lang/Object;ZZ)Ljava/util/HashMap$Node; @ 68 c2
Event: 37.589 Thread 0x0000026fb0cef000 Uncommon trap: reason=unstable_if action=reinterpret pc=0x0000026f8f3eafe0 method=java.lang.String.concat(Ljava/lang/String;)Ljava/lang/String; @ 4 c2
Event: 37.596 Thread 0x0000026fb0cef000 Uncommon trap: reason=unstable_if action=reinterpret pc=0x0000026f8f369b0c method=java.lang.StringCoding.encodeUTF8(B[BZ)[B @ 18 c2
Event: 286.253 Thread 0x0000026fb0cef000 Uncommon trap: reason=unstable_if action=reinterpret pc=0x0000026f8f36c9bc method=java.lang.reflect.AccessibleObject.verifyAccess(Ljava/lang/Class;Ljava/lang/Class;Ljava/lang/Class;I)Z @ 2 c2
Event: 286.253 Thread 0x0000026fb0cef000 Uncommon trap: reason=unstable_if action=reinterpret pc=0x0000026f8f36ab60 method=java.lang.reflect.AccessibleObject.verifyAccess(Ljava/lang/Class;Ljava/lang/Class;Ljava/lang/Class;I)Z @ 2 c2
Event: 286.273 Thread 0x0000026fb0cef000 Uncommon trap: reason=unstable_if action=reinterpret pc=0x0000026f8f358760 method=java.lang.StringCoding.encodeUTF8(B[BZ)[B @ 18 c2
Event: 16532.515 Thread 0x0000026fb0cf7800 Uncommon trap: reason=unstable_if action=reinterpret pc=0x0000026f8f2500b4 method=java.lang.ref.SoftReference.get()Ljava/lang/Object; @ 6 c2
Event: 16532.516 Thread 0x0000026fb0cf7800 Uncommon trap: reason=unstable_if action=reinterpret pc=0x0000026f8f35f1cc method=java.lang.ref.SoftReference.get()Ljava/lang/Object; @ 6 c2
Event: 16532.557 Thread 0x0000026fb0cf7800 Uncommon trap: reason=unstable_if action=reinterpret pc=0x0000026f8f36fac0 method=jdk.internal.reflect.Reflection.verifyMemberAccess(Ljava/lang/Class;Ljava/lang/Class;Ljava/lang/Class;I)Z @ 33 c2
Event: 16532.558 Thread 0x0000026fb0cf7800 Uncommon trap: reason=unstable_if action=reinterpret pc=0x0000026f8f364420 method=jdk.internal.reflect.Reflection.verifyMemberAccess(Ljava/lang/Class;Ljava/lang/Class;Ljava/lang/Class;I)Z @ 33 c2

Classes redefined (0 events):
No events

Internal exceptions (10 events):
Event: 33.878 Thread 0x0000026fb0cef000 Exception <a 'sun/nio/fs/WindowsException'{0x000000061a0fbb48}> (0x000000061a0fbb48) thrown at [./open/src/hotspot/share/prims/jni.cpp, line 611]
Event: 16532.516 Thread 0x0000026fb0cf7800 Implicit null exception at 0x0000026f8f35e8c6 to 0x0000026f8f35f1b0
Event: 16532.553 Thread 0x0000026fb0cf7800 Exception <a 'java/lang/UnsatisfiedLinkError'{0x000000061627b890}: Não foi possível encontrar o procedimento especificado.
> (0x000000061627b890) thrown at [./open/src/hotspot/share/prims/jni.cpp, line 632]
Event: 16532.554 Thread 0x0000026fb0cf7800 Exception <a 'java/lang/UnsatisfiedLinkError'{0x000000061627e700}: Não foi possível encontrar o procedimento especificado.
> (0x000000061627e700) thrown at [./open/src/hotspot/share/prims/jni.cpp, line 632]
Event: 16532.555 Thread 0x0000026fb0cf7800 Exception <a 'java/lang/UnsatisfiedLinkError'{0x0000000616281718}: Não foi possível encontrar o procedimento especificado.
> (0x0000000616281718) thrown at [./open/src/hotspot/share/prims/jni.cpp, line 632]
Event: 16532.555 Thread 0x0000026fb0cf7800 Exception <a 'java/lang/UnsatisfiedLinkError'{0x0000000616282e90}: Não foi possível encontrar o procedimento especificado.
> (0x0000000616282e90) thrown at [./open/src/hotspot/share/prims/jni.cpp, line 632]
Event: 16532.555 Thread 0x0000026fb0cf7800 Exception <a 'java/lang/UnsatisfiedLinkError'{0x0000000616287530}: Não foi possível encontrar o procedimento especificado.
> (0x0000000616287530) thrown at [./open/src/hotspot/share/prims/jni.cpp, line 632]
Event: 16532.555 Thread 0x0000026fb0cf7800 Exception <a 'java/lang/UnsatisfiedLinkError'{0x0000000616289780}: Não foi possível encontrar o procedimento especificado.
> (0x0000000616289780) thrown at [./open/src/hotspot/share/prims/jni.cpp, line 632]
Event: 16532.558 Thread 0x0000026fb0cf7800 Exception <a 'java/lang/UnsatisfiedLinkError'{0x0000000616293580}: Não foi possível encontrar o procedimento especificado.
> (0x0000000616293580) thrown at [./open/src/hotspot/share/prims/jni.cpp, line 632]
Event: 16532.559 Thread 0x0000026fb0cf7800 Exception <a 'java/lang/UnsatisfiedLinkError'{0x0000000616299390}: Não foi possível encontrar o procedimento especificado.
> (0x0000000616299390) thrown at [./open/src/hotspot/share/prims/jni.cpp, line 632]

Events (10 events):
Event: 16532.573 loading class java/time/temporal/IsoFields$Field$3
Event: 16532.573 loading class java/time/temporal/IsoFields$Field$3 done
Event: 16532.573 loading class java/time/temporal/IsoFields$Field$4
Event: 16532.573 loading class java/time/temporal/IsoFields$Field$4 done
Event: 16532.573 loading class java/time/temporal/IsoFields$Unit
Event: 16532.573 loading class java/time/temporal/IsoFields$Unit done
Event: 16532.574 loading class java/time/temporal/JulianFields
Event: 16532.574 loading class java/time/temporal/JulianFields done
Event: 16532.574 loading class java/time/temporal/JulianFields$Field
Event: 16532.574 loading class java/time/temporal/JulianFields$Field done


Dynamic libraries:
0x00007ff6bdef0000 - 0x00007ff6bdf00000 	C:\Program Files\Java\jdk-11\bin\java.exe
0x00007ff8883b0000 - 0x00007ff8885c4000 	C:\WINDOWS\SYSTEM32\ntdll.dll
0x00007ff886c50000 - 0x00007ff886d12000 	C:\WINDOWS\System32\KERNEL32.DLL
0x00007ff8857b0000 - 0x00007ff885b53000 	C:\WINDOWS\System32\KERNELBASE.dll
0x00007ff885f50000 - 0x00007ff886061000 	C:\WINDOWS\System32\ucrtbase.dll
0x00007ff8622f0000 - 0x00007ff86230b000 	C:\Program Files\Java\jdk-11\bin\VCRUNTIME140.dll
0x00007ff8622d0000 - 0x00007ff8622e8000 	C:\Program Files\Java\jdk-11\bin\jli.dll
0x00007ff887980000 - 0x00007ff887a2e000 	C:\WINDOWS\System32\ADVAPI32.dll
0x00007ff887eb0000 - 0x00007ff887f57000 	C:\WINDOWS\System32\msvcrt.dll
0x00007ff8881a0000 - 0x00007ff888244000 	C:\WINDOWS\System32\sechost.dll
0x00007ff888250000 - 0x00007ff888367000 	C:\WINDOWS\System32\RPCRT4.dll
0x00007ff887260000 - 0x00007ff88740b000 	C:\WINDOWS\System32\USER32.dll
0x00007ff8722b0000 - 0x00007ff87253e000 	C:\WINDOWS\WinSxS\amd64_microsoft.windows.common-controls_6595b64144ccf1df_6.0.22621.1635_none_270f70857386168e\COMCTL32.dll
0x00007ff885c00000 - 0x00007ff885c26000 	C:\WINDOWS\System32\win32u.dll
0x00007ff886ed0000 - 0x00007ff886ef9000 	C:\WINDOWS\System32\GDI32.dll
0x00007ff886070000 - 0x00007ff886189000 	C:\WINDOWS\System32\gdi32full.dll
0x00007ff885b60000 - 0x00007ff885bfa000 	C:\WINDOWS\System32\msvcp_win.dll
0x00007ff87c820000 - 0x00007ff87c82a000 	C:\WINDOWS\SYSTEM32\VERSION.dll
0x00007ff8869c0000 - 0x00007ff8869f1000 	C:\WINDOWS\System32\IMM32.DLL
0x00007ff86f1f0000 - 0x00007ff86f1fc000 	C:\Program Files\Java\jdk-11\bin\vcruntime140_1.dll
0x00007ff862030000 - 0x00007ff8620be000 	C:\Program Files\Java\jdk-11\bin\msvcp140.dll
0x00007ff8614c0000 - 0x00007ff862028000 	C:\Program Files\Java\jdk-11\bin\server\jvm.dll
0x00007ff8869b0000 - 0x00007ff8869b8000 	C:\WINDOWS\System32\PSAPI.DLL
0x00007ff87d790000 - 0x00007ff87d7c4000 	C:\WINDOWS\SYSTEM32\WINMM.dll
0x00007ff86c000000 - 0x00007ff86c009000 	C:\WINDOWS\SYSTEM32\WSOCK32.dll
0x00007ff888120000 - 0x00007ff888191000 	C:\WINDOWS\System32\WS2_32.dll
0x00007ff884770000 - 0x00007ff884788000 	C:\WINDOWS\SYSTEM32\kernel.appcore.dll
0x00007ff8628e0000 - 0x00007ff8628f0000 	C:\Program Files\Java\jdk-11\bin\verify.dll
0x00007ff883240000 - 0x00007ff88346e000 	C:\WINDOWS\SYSTEM32\DBGHELP.DLL
0x00007ff887a90000 - 0x00007ff887e19000 	C:\WINDOWS\System32\combase.dll
0x00007ff887f60000 - 0x00007ff888037000 	C:\WINDOWS\System32\OLEAUT32.dll
0x00007ff86d4f0000 - 0x00007ff86d522000 	C:\WINDOWS\SYSTEM32\dbgcore.DLL
0x00007ff885c30000 - 0x00007ff885cab000 	C:\WINDOWS\System32\bcryptPrimitives.dll
0x00007ff860d50000 - 0x00007ff860d78000 	C:\Program Files\Java\jdk-11\bin\java.dll
0x00007ff8620d0000 - 0x00007ff8620da000 	C:\Program Files\Java\jdk-11\bin\jimage.dll
0x00007ff860dd0000 - 0x00007ff860de7000 	C:\Program Files\Java\jdk-11\bin\zip.dll
0x00007ff886190000 - 0x00007ff88698a000 	C:\WINDOWS\System32\SHELL32.dll
0x00007ff883760000 - 0x00007ff88402e000 	C:\WINDOWS\SYSTEM32\windows.storage.dll
0x00007ff883620000 - 0x00007ff88375e000 	C:\WINDOWS\SYSTEM32\wintypes.dll
0x00007ff886b50000 - 0x00007ff886c41000 	C:\WINDOWS\System32\SHCORE.dll
0x00007ff887a30000 - 0x00007ff887a8e000 	C:\WINDOWS\System32\shlwapi.dll
0x00007ff8856e0000 - 0x00007ff885701000 	C:\WINDOWS\SYSTEM32\profapi.dll
0x00007ff860db0000 - 0x00007ff860dc9000 	C:\Program Files\Java\jdk-11\bin\net.dll
0x00007ff87dd50000 - 0x00007ff87de87000 	C:\WINDOWS\SYSTEM32\WINHTTP.dll
0x00007ff884c20000 - 0x00007ff884c89000 	C:\WINDOWS\system32\mswsock.dll
0x00007ff860d90000 - 0x00007ff860da2000 	C:\Program Files\Java\jdk-11\bin\nio.dll
0x00007ff85f970000 - 0x00007ff85f979000 	C:\Program Files\Java\jdk-11\bin\management.dll
0x00007ff85f960000 - 0x00007ff85f96b000 	C:\Program Files\Java\jdk-11\bin\management_ext.dll
0x00007ff85a450000 - 0x00007ff85a467000 	C:\WINDOWS\system32\napinsp.dll
0x00007ff85a430000 - 0x00007ff85a44b000 	C:\WINDOWS\system32\pnrpnsp.dll
0x00007ff884300000 - 0x00007ff8843f3000 	C:\WINDOWS\SYSTEM32\DNSAPI.dll
0x00007ff8842d0000 - 0x00007ff8842fd000 	C:\WINDOWS\SYSTEM32\IPHLPAPI.DLL
0x00007ff887410000 - 0x00007ff887419000 	C:\WINDOWS\System32\NSI.dll
0x00007ff85a410000 - 0x00007ff85a421000 	C:\WINDOWS\System32\winrnr.dll
0x00007ff87d640000 - 0x00007ff87d655000 	C:\WINDOWS\system32\wshbth.dll
0x00007ff85a3e0000 - 0x00007ff85a401000 	C:\WINDOWS\system32\nlansp_c.dll
0x00007ff8705b0000 - 0x00007ff8705ba000 	C:\Windows\System32\rasadhlp.dll
0x00007ff87c740000 - 0x00007ff87c7c4000 	C:\WINDOWS\System32\fwpuclnt.dll
0x00007ff884f40000 - 0x00007ff884f5b000 	C:\WINDOWS\SYSTEM32\CRYPTSP.dll
0x00007ff884730000 - 0x00007ff884765000 	C:\WINDOWS\system32\rsaenh.dll
0x00007ff884cc0000 - 0x00007ff884ce8000 	C:\WINDOWS\SYSTEM32\USERENV.dll
0x00007ff885180000 - 0x00007ff8851a8000 	C:\WINDOWS\SYSTEM32\bcrypt.dll
0x00007ff884f20000 - 0x00007ff884f2c000 	C:\WINDOWS\SYSTEM32\CRYPTBASE.dll
0x00007ff87e270000 - 0x00007ff87e289000 	C:\WINDOWS\SYSTEM32\dhcpcsvc6.DLL
0x00007ff87d9c0000 - 0x00007ff87d9df000 	C:\WINDOWS\SYSTEM32\dhcpcsvc.DLL
0x00007ff826800000 - 0x00007ff826842000 	C:\Users\Lenovo\AppData\Local\Temp\jna--2022488749\jna10800980124159962117.dll
0x00007ff882870000 - 0x00007ff88291b000 	C:\WINDOWS\system32\uxtheme.dll
0x00007ff85dc90000 - 0x00007ff85de12000 	C:\Program Files\Java\jdk-11\bin\awt.dll
0x00007ff8826d0000 - 0x00007ff882767000 	C:\WINDOWS\SYSTEM32\apphelp.dll
0x00007ff886a20000 - 0x00007ff886b47000 	C:\WINDOWS\System32\MSCTF.dll
0x00007ff8870c0000 - 0x00007ff88725c000 	C:\WINDOWS\System32\ole32.dll
0x00007ff882c80000 - 0x00007ff882cab000 	C:\WINDOWS\system32\DWMAPI.DLL
0x00007ff806a50000 - 0x00007ff806b50000 	C:\WINDOWS\system32\opengl32.dll
0x00007ff862f70000 - 0x00007ff862f9d000 	C:\WINDOWS\SYSTEM32\GLU32.dll
0x00007ff882c10000 - 0x00007ff882c48000 	C:\WINDOWS\SYSTEM32\dxcore.dll
0x00007ff811420000 - 0x00007ff8115c9000 	C:\WINDOWS\system32\d3d9.dll
0x00007ff87ac50000 - 0x00007ff87ae08000 	C:\WINDOWS\System32\DriverStore\FileRepository\u0375305.inf_amd64_1d4c499b859681a7\B375280\aticfx64.dll
0x00007ff82b040000 - 0x00007ff82b074000 	C:\WINDOWS\System32\DriverStore\FileRepository\u0375305.inf_amd64_1d4c499b859681a7\B375280\atiu9p64.dll
0x00007fffe0df0000 - 0x00007fffe1b44000 	C:\WINDOWS\System32\DriverStore\FileRepository\u0375305.inf_amd64_1d4c499b859681a7\B375280\atiumd64.dll
0x000000005ffd0000 - 0x0000000060e43000 	C:\WINDOWS\System32\DriverStore\FileRepository\u0375305.inf_amd64_1d4c499b859681a7\B375280\atiumd6a.dll
0x00007ff887480000 - 0x00007ff8878f4000 	C:\WINDOWS\System32\SETUPAPI.dll
0x00007ff8850c0000 - 0x00007ff88510d000 	C:\WINDOWS\SYSTEM32\POWRPROF.dll
0x00007ff8850a0000 - 0x00007ff8850b3000 	C:\WINDOWS\SYSTEM32\UMPDC.dll
0x00007ff8778f0000 - 0x00007ff877920000 	C:\WINDOWS\SYSTEM32\amdihk64.dll
0x00007ff87e630000 - 0x00007ff87e678000 	C:\WINDOWS\SYSTEM32\directxdatabasehelper.dll
0x00007ff85dc00000 - 0x00007ff85dc86000 	C:\Program Files\Java\jdk-11\bin\freetype.dll
0x00007ff85db30000 - 0x00007ff85dbf5000 	C:\Program Files\Java\jdk-11\bin\fontmanager.dll

dbghelp: loaded successfully - version: 4.0.5 - missing functions: none
symbol engine: initialized successfully - sym options: 0x614 - pdb path: .;C:\Program Files\Java\jdk-11\bin;C:\WINDOWS\SYSTEM32;C:\WINDOWS\WinSxS\amd64_microsoft.windows.common-controls_6595b64144ccf1df_6.0.22621.1635_none_270f70857386168e;C:\Program Files\Java\jdk-11\bin\server;C:\Users\Lenovo\AppData\Local\Temp\jna--2022488749;C:\WINDOWS\System32\DriverStore\FileRepository\u0375305.inf_amd64_1d4c499b859681a7\B375280

VM Arguments:
java_command: runwar.Start --processname cfm_basico (inicial) [lucee 5.3.10+120] --log-dir C:/Users/Lenovo/.CommandBox/server/EE2B655A56BBFAECA53107757385E9BE-cfm_basico (inicial)/lucee-5.3.10.120/logs --server-name cfm_basico (inicial) --tray-enable true --dock-enable true --directoryindex true --timeout 240 --proxy-peeraddress false --cookie-secure false --cookie-httponly false --pid-file C:/Users/Lenovo/.CommandBox/server/EE2B655A56BBFAECA53107757385E9BE-cfm_basico (inicial)/lucee-5.3.10.120/.pid.txt --tray-icon C:\Users\Lenovo\.CommandBox\cfml\system\config\server-icons\trayicon-lucee-32px.png --tray-config C:/Users/Lenovo/.CommandBox/server/EE2B655A56BBFAECA53107757385E9BE-cfm_basico (inicial)/lucee-5.3.10.120/.trayOptions.json --gzip-enable true --cfengine-name lucee -war C:\Projetos\cfm_basico (inicial)\ --web-xml-path C:\Users\Lenovo\.CommandBox/server/EE2B655A56BBFAECA53107757385E9BE-cfm_basico (inicial)/lucee-5.3.10.120/WEB-INF/web.xml --http-enable true --ssl-enable false --ajp-enable false --http2-enable true --open-browser true --open-url http://127.0.0.1:59596 --urlrewrite-enable false --client-cert-trust-headers false --predicate-file C:/Users/Lenovo/.CommandBox/server/EE2B655A56BBFAECA53107757385E9BE-cfm_basico (inicial)/lucee-5.3.10.120/.predicateFile.txt --host 127.0.0.1 --background false --port 59596 --stop-port 62520
java_class_path (initial): C:\Users\Lenovo\.CommandBox\lib\runwar-4.8.3.jar
Launcher Type: SUN_STANDARD

[Global flags]
     intx CICompilerCount                          = 12                                        {product} {ergonomic}
     uint ConcGCThreads                            = 3                                         {product} {ergonomic}
     uint G1ConcRefinementThreads                  = 13                                        {product} {ergonomic}
   size_t G1HeapRegionSize                         = 2097152                                   {product} {ergonomic}
    uintx GCDrainStackTargetSize                   = 64                                        {product} {ergonomic}
   size_t InitialHeapSize                          = 526385152                                 {product} {ergonomic}
   size_t MarkStackSize                            = 4194304                                   {product} {ergonomic}
   size_t MaxHeapSize                              = 8422162432                                {product} {ergonomic}
   size_t MaxNewSize                               = 5052039168                                {product} {ergonomic}
   size_t MinHeapDeltaBytes                        = 2097152                                   {product} {ergonomic}
    uintx NonNMethodCodeHeapSize                   = 7594288                                {pd product} {ergonomic}
    uintx NonProfiledCodeHeapSize                  = 122031976                              {pd product} {ergonomic}
    uintx ProfiledCodeHeapSize                     = 122031976                              {pd product} {ergonomic}
    uintx ReservedCodeCacheSize                    = 251658240                              {pd product} {ergonomic}
     bool SegmentedCodeCache                       = true                                      {product} {ergonomic}
     bool UseCompressedClassPointers               = true                                 {lp64_product} {ergonomic}
     bool UseCompressedOops                        = true                                 {lp64_product} {ergonomic}
     bool UseG1GC                                  = true                                      {product} {ergonomic}
     bool UseLargePagesIndividualAllocation        = false                                  {pd product} {ergonomic}

Logging:
Log output configuration:
 #0: stdout all=warning uptime,level,tags
 #1: stderr all=off uptime,level,tags

Environment Variables:
PATH=C:\Program Files\Common Files\Oracle\Java\javapath;C:\Program Files (x86)\Common Files\Oracle\Java\javapath;C:\Program Files (x86)\Windows Resource Kits\Tools\;C:\WINDOWS\system32;C:\WINDOWS;C:\WINDOWS\System32\Wbem;C:\WINDOWS\System32\WindowsPowerShell\v1.0\;C:\WINDOWS\System32\OpenSSH\;C:\Program Files\Git\cmd;C:\Program Files\nodejs\;C:\Program Files\Docker\Docker\resources\bin;C:\Program Files\k6\;C:\Users\Lenovo\AppData\Local\Microsoft\WindowsApps;;C:\Program Files\JetBrains\IntelliJ IDEA 2022.3.3\bin;;C:\Users\Lenovo\AppData\Roaming\npm;C:\Users\Lenovo\AppData\Local\Programs\Microsoft VS Code\bin;C:\Program Files\Java\jdk-11\bin
USERNAME=Lenovo
OS=Windows_NT
PROCESSOR_IDENTIFIER=AMD64 Family 23 Model 96 Stepping 1, AuthenticAMD



---------------  S Y S T E M  ---------------

OS: Windows 11 , 64 bit Build 22621 (10.0.22621.1778)
Hyper-V role detected

CPU:total 16 (initial active 16) (16 cores per cpu, 2 threads per core) family 23 model 96 stepping 1 microcode 0x0, cmov, cx8, fxsr, mmx, sse, sse2, sse3, ssse3, sse4.1, sse4.2, popcnt, avx, avx2, aes, clmul, mmxext, 3dnowpref, lzcnt, sse4a, ht, tsc, tscinvbit, tscinv, bmi1, bmi2, adx, 

Memory: 4k page, system-wide physical 32120M (17457M free)
TotalPageFile size 34168M (AvailPageFile size 10376M)
current process WorkingSet (physical memory assigned to process): 107M, peak: 301M
current process commit charge ("private bytes"): 478M, peak: 684M

vm_info: Java HotSpot(TM) 64-Bit Server VM (11.0.18+9-LTS-195) for windows-amd64 JRE (11.0.18+9-LTS-195), built on Dec  6 2022 15:50:58 by "mach5one" with MS VC++ 17.1 (VS2022)

END.
